[armando.nicepage.io/index.html]
[backblue.gif]
[fade.gif]
[index.html]
[capp.nicepage.com/d114f428bfaaeaa714a5b288adc02c82ccd03c41/nicepage.css]
[armando.nicepage.io/nicepage-site.css]
[armando.nicepage.io/Home---Armando-Lattaruli.css]
[capp.nicepage.com/assets/jquery-3.5.1.min.js]
[capp.nicepage.com/d114f428bfaaeaa714a5b288adc02c82ccd03c41/nicepage.js]
[armando.nicepage.io/favicon.ico]
[assets.nicepagecdn.com/5a8def22/6228288/images/Artboard1-1.png]
[armando.nicepage.io/Gallery---Armando-Lattaruli.html]
[assets.nicepagecdn.com/5a8def22/6227867/images/270798.png]
[assets.nicepagecdn.com/5a8def22/6227867/images/3955024.png]
[armando.nicepage.io/index.html]
[capp.nicepage.com/d114f428bfaaeaa714a5b288adc02c82ccd03c41/nicepage.css]
[armando.nicepage.io/nicepage-site.css]
[assets.nicepagecdn.com/5a8def22/6228288/images/3.png]
[assets.nicepagecdn.com/5a8def22/6228288/images/86f2c9630725a02dd8c7fc2c88e3c4636075b09c788f804c9ce33c6eb6fa8e95c0d04562a753028c04a435d950658be003dafdab7e9e8daf13608b_1280.jpg]
[assets.nicepagecdn.com/5a8def22/6228288/images/ELI_3727.jpg]
[armando.nicepage.io/Home---Armando-Lattaruli.css]
[armando.nicepage.io/Content/BundledScripts/index.html]
[armando.nicepage.io/signature.d.delayed]
[capp.nicepage.com/d114f428bfaaeaa714a5b288adc02c82ccd03c41/nicepage.js]
[armando.nicepage.io/ABCDEFGHIJKLMNOPQRSTUVWXYZabcdefghijklmnopqrstuvwxyz0123456789+/index.html]
[armando.nicepage.io/Gallery---Armando-Lattaruli.css]
[assets.nicepagecdn.com/5a8def22/6228288/images/01e461f31f425b05b9d8ecd403c58e08d52a51fd8da0198c42d156bd189c1e54b66b1e9b43f8e70fe885dcbf40f06aeae949814f3ff74ca3baee85_1280.jpg]
[assets.nicepagecdn.com/5a8def22/6228288/images/ae38aabf5ef6bb12c76ac4011c6db2ad38ee0a9d782b8c11bfabcf2e1b0b27f4389c349c39342621679261b63e3e399ecce065568895dc8e8f1030_1280.jpg]
[assets.nicepagecdn.com/5a8def22/6228288/images/45ea33aa58953a1b58bd25d7190da0dfc7964b445a9bf0f32693f6b8d45153e47a427ceb9ef9ea9d008e6538d2542b8d03fe01b39f00651a7de6f8_1280.jpg]
[assets.nicepagecdn.com/5a8def22/6228288/images/dca8711ad3f3668a4efc07cc4f1ff6276d4034003493b6cdb78ca8f4e69ccecd2bede9697fc408f84f649fa2b39df6a86a7a1837a52d50d02437c1_1280.jpg]
[armando.nicepage.io/Gallery---Armando-Lattaruli.html]
[armando.nicepage.io/Content/BundledScripts/index.html]
[armando.nicepage.io/signature.html]
[armando.nicepage.io/ABCDEFGHIJKLMNOPQRSTUVWXYZabcdefghijklmnopqrstuvwxyz0123456789+/index.html]
[armando.nicepage.io/Gallery---Armando-Lattaruli.css]
[pixabay.com/get/g435e4b3dc959ee131be21ba67e7d8d5eb9b34211ca0f94da292b974ab8ddfd6b7384375ee59e2bd55d30e67a904d3e66a14273b858cb3f6f4939b58c8624f239_1280.html]
[pixabay.com/get/gc78271a1bea0f24d7d3b59e3e9eaab7e7e91399d18baa416f8ede7afa875fc60dbb6db0e50652dcb1239e2509cd6a165a8b3ee97402fa8b38b7e98447a25fedc_1280.html]
